# JRE version: OpenJDK Runtime Environment GraalVM CE 22.3.0 (17.0.5+8) (build 17.0.5+8-jvmci-22.3-b08)
# Java VM: OpenJDK 64-Bit Server VM GraalVM CE 22.3.0 (17.0.5+8-jvmci-22.3-b08, mixed mode, sharing, tiered, jvmci, jvmci compiler, compressed oops, compressed class ptrs, parallel gc, linux-amd64)
GC Precious Log:
 CPUs: 8 total, 1 available
 Memory: 1024M
 Large Page Support: Disabled
 NUMA Support: Disabled
 Compressed Oops: Enabled (32-bit)
 Alignments: Space 512K, Generation 512K, Heap 2M
 Heap Min Capacity: 100M
 Heap Initial Capacity: 100M
 Heap Max Capacity: 512M
 Pre-touch: Disabled
 Parallel Workers: 1
Heap:
 PSYoungGen      total 48128K, used 33280K [0x00000000f5580000, 0x00000000f9500000, 0x0000000100000000)
  eden space 33280K, 100% used [0x00000000f5580000,0x00000000f7600000,0x00000000f7600000)
  from space 14848K, 0% used [0x00000000f8580000,0x00000000f8580000,0x00000000f9400000)
  to   space 15360K, 0% used [0x00000000f7600000,0x00000000f7600000,0x00000000f8500000)
 ParOldGen       total 349696K, used 349695K [0x00000000e0000000, 0x00000000f5580000, 0x00000000f5580000)
  object space 349696K, 99% used [0x00000000e0000000,0x00000000f557fcc8,0x00000000f5580000)
 Metaspace       used 61677K, committed 62848K, reserved 1105920K
  class space    used 6066K, committed 6528K, reserved 1048576K
GC Heap History (20 events):
Event: 621.061 GC heap before
{Heap before GC invocations=464 (full 405):
 PSYoungGen      total 48128K, used 33280K [0x00000000f5580000, 0x00000000f9500000, 0x0000000100000000)
  eden space 33280K, 100% used [0x00000000f5580000,0x00000000f7600000,0x00000000f7600000)
  from space 14848K, 0% used [0x00000000f8580000,0x00000000f8580000,0x00000000f9400000)
  to   space 15360K, 0% used [0x00000000f7600000,0x00000000f7600000,0x00000000f8500000)
 ParOldGen       total 349696K, used 349688K [0x00000000e0000000, 0x00000000f5580000, 0x00000000f5580000)
  object space 349696K, 99% used [0x00000000e0000000,0x00000000f557e2f0,0x00000000f5580000)
 Metaspace       used 61677K, committed 62848K, reserved 1105920K
  class space    used 6066K, committed 6528K, reserved 1048576K
}
Event: 622.393 GC heap after
{Heap after GC invocations=464 (full 405):
 PSYoungGen      total 48640K, used 33279K [0x00000000f5580000, 0x00000000f9500000, 0x0000000100000000)
  eden space 33280K, 99% used [0x00000000f5580000,0x00000000f75fffd0,0x00000000f7600000)
  from space 15360K, 0% used [0x00000000f7600000,0x00000000f7600000,0x00000000f8500000)
  to   space 14848K, 0% used [0x00000000f8580000,0x00000000f8580000,0x00000000f9400000)
 ParOldGen       total 349696K, used 349688K [0x00000000e0000000, 0x00000000f5580000, 0x00000000f5580000)
  object space 349696K, 99% used [0x00000000e0000000,0x00000000f557e2d8,0x00000000f5580000)
 Metaspace       used 61677K, committed 62848K, reserved 1105920K
  class space    used 6066K, committed 6528K, reserved 1048576K
}
Event: 622.396 GC heap before
{Heap before GC invocations=465 (full 406):
 PSYoungGen      total 48640K, used 33280K [0x00000000f5580000, 0x00000000f9500000, 0x0000000100000000)
  eden space 33280K, 100% used [0x00000000f5580000,0x00000000f7600000,0x00000000f7600000)
  from space 15360K, 0% used [0x00000000f7600000,0x00000000f7600000,0x00000000f8500000)
  to   space 14848K, 0% used [0x00000000f8580000,0x00000000f8580000,0x00000000f9400000)
 ParOldGen       total 349696K, used 349688K [0x00000000e0000000, 0x00000000f5580000, 0x00000000f5580000)
  object space 349696K, 99% used [0x00000000e0000000,0x00000000f557e2d8,0x00000000f5580000)
 Metaspace       used 61677K, committed 62848K, reserved 1105920K
  class space    used 6066K, committed 6528K, reserved 1048576K
}
Event: 623.676 GC heap after
{Heap after GC invocations=465 (full 406):
 PSYoungGen      total 48128K, used 33279K [0x00000000f5580000, 0x00000000f9500000, 0x0000000100000000)
  eden space 33280K, 99% used [0x00000000f5580000,0x00000000f75fffd0,0x00000000f7600000)
  from space 14848K, 0% used [0x00000000f8580000,0x00000000f8580000,0x00000000f9400000)
  to   space 15360K, 0% used [0x00000000f7600000,0x00000000f7600000,0x00000000f8500000)
 ParOldGen       total 349696K, used 349688K [0x00000000e0000000, 0x00000000f5580000, 0x00000000f5580000)
  object space 349696K, 99% used [0x00000000e0000000,0x00000000f557e2d8,0x00000000f5580000)
 Metaspace       used 61677K, committed 62848K, reserved 1105920K
  class space    used 6066K, committed 6528K, reserved 1048576K
}
Event: 623.676 GC heap before
{Heap before GC invocations=466 (full 407):
 PSYoungGen      total 48128K, used 33280K [0x00000000f5580000, 0x00000000f9500000, 0x0000000100000000)
  eden space 33280K, 100% used [0x00000000f5580000,0x00000000f7600000,0x00000000f7600000)
  from space 14848K, 0% used [0x00000000f8580000,0x00000000f8580000,0x00000000f9400000)
  to   space 15360K, 0% used [0x00000000f7600000,0x00000000f7600000,0x00000000f8500000)
 ParOldGen       total 349696K, used 349688K [0x00000000e0000000, 0x00000000f5580000, 0x00000000f5580000)
  object space 349696K, 99% used [0x00000000e0000000,0x00000000f557e2d8,0x00000000f5580000)
 Metaspace       used 61677K, committed 62848K, reserved 1105920K
  class space    used 6066K, committed 6528K, reserved 1048576K
}
Event: 625.068 GC heap after
{Heap after GC invocations=466 (full 407):
 PSYoungGen      total 48640K, used 33279K [0x00000000f5580000, 0x00000000f9500000, 0x0000000100000000)
  eden space 33280K, 99% used [0x00000000f5580000,0x00000000f75fffb0,0x00000000f7600000)
  from space 15360K, 0% used [0x00000000f7600000,0x00000000f7600000,0x00000000f8500000)
  to   space 14848K, 0% used [0x00000000f8580000,0x00000000f8580000,0x00000000f9400000)
 ParOldGen       total 349696K, used 349688K [0x00000000e0000000, 0x00000000f5580000, 0x00000000f5580000)
  object space 349696K, 99% used [0x00000000e0000000,0x00000000f557e2d8,0x00000000f5580000)
 Metaspace       used 61677K, committed 62848K, reserved 1105920K
  class space    used 6066K, committed 6528K, reserved 1048576K
}
Event: 625.068 GC heap before
{Heap before GC invocations=467 (full 408):
 PSYoungGen      total 48640K, used 33279K [0x00000000f5580000, 0x00000000f9500000, 0x0000000100000000)
  eden space 33280K, 99% used [0x00000000f5580000,0x00000000f75fffe8,0x00000000f7600000)
  from space 15360K, 0% used [0x00000000f7600000,0x00000000f7600000,0x00000000f8500000)
  to   space 14848K, 0% used [0x00000000f8580000,0x00000000f8580000,0x00000000f9400000)
 ParOldGen       total 349696K, used 349688K [0x00000000e0000000, 0x00000000f5580000, 0x00000000f5580000)
  object space 349696K, 99% used [0x00000000e0000000,0x00000000f557e2d8,0x00000000f5580000)
 Metaspace       used 61677K, committed 62848K, reserved 1105920K
  class space    used 6066K, committed 6528K, reserved 1048576K
}
Event: 626.350 GC heap after
{Heap after GC invocations=467 (full 408):
 PSYoungGen      total 48128K, used 33279K [0x00000000f5580000, 0x00000000f9500000, 0x0000000100000000)
  eden space 33280K, 99% used [0x00000000f5580000,0x00000000f75fff08,0x00000000f7600000)
  from space 14848K, 0% used [0x00000000f8580000,0x00000000f8580000,0x00000000f9400000)
  to   space 15360K, 0% used [0x00000000f7600000,0x00000000f7600000,0x00000000f8500000)
 ParOldGen       total 349696K, used 349688K [0x00000000e0000000, 0x00000000f5580000, 0x00000000f5580000)
  object space 349696K, 99% used [0x00000000e0000000,0x00000000f557e2d8,0x00000000f5580000)
 Metaspace       used 61677K, committed 62848K, reserved 1105920K
  class space    used 6066K, committed 6528K, reserved 1048576K
}
Event: 626.350 GC heap before
{Heap before GC invocations=468 (full 409):
 PSYoungGen      total 48128K, used 33279K [0x00000000f5580000, 0x00000000f9500000, 0x0000000100000000)
  eden space 33280K, 99% used [0x00000000f5580000,0x00000000f75fff28,0x00000000f7600000)
  from space 14848K, 0% used [0x00000000f8580000,0x00000000f8580000,0x00000000f9400000)
  to   space 15360K, 0% used [0x00000000f7600000,0x00000000f7600000,0x00000000f8500000)
 ParOldGen       total 349696K, used 349688K [0x00000000e0000000, 0x00000000f5580000, 0x00000000f5580000)
  object space 349696K, 99% used [0x00000000e0000000,0x00000000f557e2d8,0x00000000f5580000)
 Metaspace       used 61677K, committed 62848K, reserved 1105920K
  class space    used 6066K, committed 6528K, reserved 1048576K
}
Event: 627.726 GC heap after
{Heap after GC invocations=468 (full 409):
 PSYoungGen      total 48640K, used 33279K [0x00000000f5580000, 0x00000000f9500000, 0x0000000100000000)
  eden space 33280K, 99% used [0x00000000f5580000,0x00000000f75fff28,0x00000000f7600000)
  from space 15360K, 0% used [0x00000000f7600000,0x00000000f7600000,0x00000000f8500000)
  to   space 14848K, 0% used [0x00000000f8580000,0x00000000f8580000,0x00000000f9400000)
 ParOldGen       total 349696K, used 349688K [0x00000000e0000000, 0x00000000f5580000, 0x00000000f5580000)
  object space 349696K, 99% used [0x00000000e0000000,0x00000000f557e2d8,0x00000000f5580000)
 Metaspace       used 61677K, committed 62848K, reserved 1105920K
  class space    used 6066K, committed 6528K, reserved 1048576K
}
Event: 627.726 GC heap before
{Heap before GC invocations=469 (full 410):
 PSYoungGen      total 48640K, used 33280K [0x00000000f5580000, 0x00000000f9500000, 0x0000000100000000)
  eden space 33280K, 100% used [0x00000000f5580000,0x00000000f7600000,0x00000000f7600000)
  from space 15360K, 0% used [0x00000000f7600000,0x00000000f7600000,0x00000000f8500000)
  to   space 14848K, 0% used [0x00000000f8580000,0x00000000f8580000,0x00000000f9400000)
 ParOldGen       total 349696K, used 349693K [0x00000000e0000000, 0x00000000f5580000, 0x00000000f5580000)
  object space 349696K, 99% used [0x00000000e0000000,0x00000000f557f7d0,0x00000000f5580000)
 Metaspace       used 61677K, committed 62848K, reserved 1105920K
  class space    used 6066K, committed 6528K, reserved 1048576K
}
Event: 628.977 GC heap after
{Heap after GC invocations=469 (full 410):
 PSYoungGen      total 48128K, used 33279K [0x00000000f5580000, 0x00000000f9500000, 0x0000000100000000)
  eden space 33280K, 99% used [0x00000000f5580000,0x00000000f75ffd60,0x00000000f7600000)
  from space 14848K, 0% used [0x00000000f8580000,0x00000000f8580000,0x00000000f9400000)
  to   space 15360K, 0% used [0x00000000f7600000,0x00000000f7600000,0x00000000f8500000)
 ParOldGen       total 349696K, used 349690K [0x00000000e0000000, 0x00000000f5580000, 0x00000000f5580000)
  object space 349696K, 99% used [0x00000000e0000000,0x00000000f557ebb0,0x00000000f5580000)
 Metaspace       used 61677K, committed 62848K, reserved 1105920K
  class space    used 6066K, committed 6528K, reserved 1048576K
}
Event: 628.978 GC heap before
{Heap before GC invocations=470 (full 411):
 PSYoungGen      total 48128K, used 33280K [0x00000000f5580000, 0x00000000f9500000, 0x0000000100000000)
  eden space 33280K, 100% used [0x00000000f5580000,0x00000000f7600000,0x00000000f7600000)
  from space 14848K, 0% used [0x00000000f8580000,0x00000000f8580000,0x00000000f9400000)
  to   space 15360K, 0% used [0x00000000f7600000,0x00000000f7600000,0x00000000f8500000)
 ParOldGen       total 349696K, used 349690K [0x00000000e0000000, 0x00000000f5580000, 0x00000000f5580000)
  object space 349696K, 99% used [0x00000000e0000000,0x00000000f557ebb0,0x00000000f5580000)
 Metaspace       used 61677K, committed 62848K, reserved 1105920K
  class space    used 6066K, committed 6528K, reserved 1048576K
}
Event: 630.279 GC heap after
{Heap after GC invocations=470 (full 411):
 PSYoungGen      total 48640K, used 33278K [0x00000000f5580000, 0x00000000f9500000, 0x0000000100000000)
  eden space 33280K, 99% used [0x00000000f5580000,0x00000000f75ffb20,0x00000000f7600000)
  from space 15360K, 0% used [0x00000000f7600000,0x00000000f7600000,0x00000000f8500000)
  to   space 14848K, 0% used [0x00000000f8580000,0x00000000f8580000,0x00000000f9400000)
 ParOldGen       total 349696K, used 349690K [0x00000000e0000000, 0x00000000f5580000, 0x00000000f5580000)
  object space 349696K, 99% used [0x00000000e0000000,0x00000000f557ebb0,0x00000000f5580000)
 Metaspace       used 61677K, committed 62848K, reserved 1105920K
  class space    used 6066K, committed 6528K, reserved 1048576K
}
Event: 630.280 GC heap before
{Heap before GC invocations=471 (full 412):
 PSYoungGen      total 48640K, used 33278K [0x00000000f5580000, 0x00000000f9500000, 0x0000000100000000)
  eden space 33280K, 99% used [0x00000000f5580000,0x00000000f75ffb78,0x00000000f7600000)
  from space 15360K, 0% used [0x00000000f7600000,0x00000000f7600000,0x00000000f8500000)
  to   space 14848K, 0% used [0x00000000f8580000,0x00000000f8580000,0x00000000f9400000)
 ParOldGen       total 349696K, used 349690K [0x00000000e0000000, 0x00000000f5580000, 0x00000000f5580000)
  object space 349696K, 99% used [0x00000000e0000000,0x00000000f557ebb0,0x00000000f5580000)
 Metaspace       used 61677K, committed 62848K, reserved 1105920K
  class space    used 6066K, committed 6528K, reserved 1048576K
}
Event: 631.557 GC heap after
{Heap after GC invocations=471 (full 412):
 PSYoungGen      total 48128K, used 33278K [0x00000000f5580000, 0x00000000f9500000, 0x0000000100000000)
  eden space 33280K, 99% used [0x00000000f5580000,0x00000000f75ffb38,0x00000000f7600000)
  from space 14848K, 0% used [0x00000000f8580000,0x00000000f8580000,0x00000000f9400000)
  to   space 15360K, 0% used [0x00000000f7600000,0x00000000f7600000,0x00000000f8500000)
 ParOldGen       total 349696K, used 349690K [0x00000000e0000000, 0x00000000f5580000, 0x00000000f5580000)
  object space 349696K, 99% used [0x00000000e0000000,0x00000000f557ebb0,0x00000000f5580000)
 Metaspace       used 61677K, committed 62848K, reserved 1105920K
  class space    used 6066K, committed 6528K, reserved 1048576K
}
Event: 631.558 GC heap before
{Heap before GC invocations=472 (full 413):
 PSYoungGen      total 48128K, used 33280K [0x00000000f5580000, 0x00000000f9500000, 0x0000000100000000)
  eden space 33280K, 100% used [0x00000000f5580000,0x00000000f7600000,0x00000000f7600000)
  from space 14848K, 0% used [0x00000000f8580000,0x00000000f8580000,0x00000000f9400000)
  to   space 15360K, 0% used [0x00000000f7600000,0x00000000f7600000,0x00000000f8500000)
 ParOldGen       total 349696K, used 349695K [0x00000000e0000000, 0x00000000f5580000, 0x00000000f5580000)
  object space 349696K, 99% used [0x00000000e0000000,0x00000000f557fe90,0x00000000f5580000)
 Metaspace       used 61677K, committed 62848K, reserved 1105920K
  class space    used 6066K, committed 6528K, reserved 1048576K
}
Event: 632.817 GC heap after
{Heap after GC invocations=472 (full 413):
 PSYoungGen      total 48640K, used 33277K [0x00000000f5580000, 0x00000000f9500000, 0x0000000100000000)
  eden space 33280K, 99% used [0x00000000f5580000,0x00000000f75ff7a0,0x00000000f7600000)
  from space 15360K, 0% used [0x00000000f7600000,0x00000000f7600000,0x00000000f8500000)
  to   space 14848K, 0% used [0x00000000f8580000,0x00000000f8580000,0x00000000f9400000)
 ParOldGen       total 349696K, used 349694K [0x00000000e0000000, 0x00000000f5580000, 0x00000000f5580000)
  object space 349696K, 99% used [0x00000000e0000000,0x00000000f557fbf0,0x00000000f5580000)
 Metaspace       used 61677K, committed 62848K, reserved 1105920K
  class space    used 6066K, committed 6528K, reserved 1048576K
}
Event: 632.817 GC heap before
{Heap before GC invocations=473 (full 414):
 PSYoungGen      total 48640K, used 33277K [0x00000000f5580000, 0x00000000f9500000, 0x0000000100000000)
  eden space 33280K, 99% used [0x00000000f5580000,0x00000000f75ff7a0,0x00000000f7600000)
  from space 15360K, 0% used [0x00000000f7600000,0x00000000f7600000,0x00000000f8500000)
  to   space 14848K, 0% used [0x00000000f8580000,0x00000000f8580000,0x00000000f9400000)
 ParOldGen       total 349696K, used 349694K [0x00000000e0000000, 0x00000000f5580000, 0x00000000f5580000)
  object space 349696K, 99% used [0x00000000e0000000,0x00000000f557fbf0,0x00000000f5580000)
 Metaspace       used 61677K, committed 62848K, reserved 1105920K
  class space    used 6066K, committed 6528K, reserved 1048576K
}
Event: 634.207 GC heap after
{Heap after GC invocations=473 (full 414):
 PSYoungGen      total 48128K, used 33277K [0x00000000f5580000, 0x00000000f9500000, 0x0000000100000000)
  eden space 33280K, 99% used [0x00000000f5580000,0x00000000f75ff7a0,0x00000000f7600000)
  from space 14848K, 0% used [0x00000000f8580000,0x00000000f8580000,0x00000000f9400000)
  to   space 15360K, 0% used [0x00000000f7600000,0x00000000f7600000,0x00000000f8500000)
 ParOldGen       total 349696K, used 349694K [0x00000000e0000000, 0x00000000f5580000, 0x00000000f5580000)
  object space 349696K, 99% used [0x00000000e0000000,0x00000000f557fbf0,0x00000000f5580000)
 Metaspace       used 61677K, committed 62848K, reserved 1105920K
  class space    used 6066K, committed 6528K, reserved 1048576K
}

